[    5920ms] [ERROR] Failed to load resource: the server responded with a status of 401 () @ https://challenges.cloudflare.com/cdn-cgi/challenge-platform/h/g/pat/9cd898aedf6d0c28/1771030490082/4cc34f4f287febddf7c92992d73733a9fb0583cb3e4d18f535027bdd7d94f22e/a2Hpbu-Hzn5kVcS:0
[    5942ms] [ERROR] %c%d font-size:0;color:transparent NaN @ https://challenges.cloudflare.com/cdn-cgi/challenge-platform/h/g/turnstile/f/ov2/av0/rch/g9ahq/0x4AAAAAAAIVf3Y5hIm-FfxH/auto/fbE/new/normal?lang=auto:0
[    5942ms] [ERROR] %c%d font-size:0;color:transparent NaN @ https://challenges.cloudflare.com/cdn-cgi/challenge-platform/h/g/turnstile/f/ov2/av0/rch/g9ahq/0x4AAAAAAAIVf3Y5hIm-FfxH/auto/fbE/new/normal?lang=auto:0
[    5943ms] [WARNING] %c%d font-size:0;color:transparent NaN @ https://challenges.cloudflare.com/cdn-cgi/challenge-platform/h/g/turnstile/f/ov2/av0/rch/g9ahq/0x4AAAAAAAIVf3Y5hIm-FfxH/auto/fbE/new/normal?lang=auto:0
[    5943ms] [WARNING] %c%d font-size:0;color:transparent NaN @ https://challenges.cloudflare.com/cdn-cgi/challenge-platform/h/g/turnstile/f/ov2/av0/rch/g9ahq/0x4AAAAAAAIVf3Y5hIm-FfxH/auto/fbE/new/normal?lang=auto:0
[    6144ms] [ERROR]  Note that 'script-src' was not explicitly set, so 'default-src' is used as a fallback. @ https://challenges.cloudflare.com/cdn-cgi/challenge-platform/h/g/turnstile/f/ov2/av0/rch/g9ahq/0x4AAAAAAAIVf3Y5hIm-FfxH/auto/fbE/new/normal?lang=auto:0
[    9617ms] [WARNING] The resource https://challenges.cloudflare.com/cdn-cgi/challenge-platform/h/g/cmg/1 was preloaded using link preload but not used within a few seconds from the window's load event. Please make sure it has an appropriate `as` value and it is preloaded intentionally. @ https://challenges.cloudflare.com/cdn-cgi/challenge-platform/h/g/turnstile/f/ov2/av0/rch/g9ahq/0x4AAAAAAAIVf3Y5hIm-FfxH/auto/fbE/new/normal?lang=auto:0
[  297420ms] [ERROR] %c%d font-size:0;color:transparent NaN @ https://challenges.cloudflare.com/cdn-cgi/challenge-platform/h/g/turnstile/f/ov2/av0/rch/g9ahq/0x4AAAAAAAIVf3Y5hIm-FfxH/auto/fbE/auto_expire/normal?lang=auto:0
[  297420ms] [ERROR] %c%d font-size:0;color:transparent NaN @ https://challenges.cloudflare.com/cdn-cgi/challenge-platform/h/g/turnstile/f/ov2/av0/rch/g9ahq/0x4AAAAAAAIVf3Y5hIm-FfxH/auto/fbE/auto_expire/normal?lang=auto:0
[  297421ms] [WARNING] %c%d font-size:0;color:transparent NaN @ https://challenges.cloudflare.com/cdn-cgi/challenge-platform/h/g/turnstile/f/ov2/av0/rch/g9ahq/0x4AAAAAAAIVf3Y5hIm-FfxH/auto/fbE/auto_expire/normal?lang=auto:0
[  297421ms] [WARNING] %c%d font-size:0;color:transparent NaN @ https://challenges.cloudflare.com/cdn-cgi/challenge-platform/h/g/turnstile/f/ov2/av0/rch/g9ahq/0x4AAAAAAAIVf3Y5hIm-FfxH/auto/fbE/auto_expire/normal?lang=auto:0
[  297533ms] [ERROR]  Note that 'script-src' was not explicitly set, so 'default-src' is used as a fallback. @ https://challenges.cloudflare.com/cdn-cgi/challenge-platform/h/g/turnstile/f/ov2/av0/rch/g9ahq/0x4AAAAAAAIVf3Y5hIm-FfxH/auto/fbE/auto_expire/normal?lang=auto:0
[  298280ms] [ERROR] Failed to load resource: the server responded with a status of 401 () @ https://challenges.cloudflare.com/cdn-cgi/challenge-platform/h/g/pat/9cd89fd9eeddd7f3/1771030783377/b2221dc4616934845c585b37552d38489bc2ccb7e2ffd2c010a229de9841f9b5/wgCHJvw16kRY0G5:0
[  301550ms] [WARNING] The resource https://challenges.cloudflare.com/cdn-cgi/challenge-platform/h/g/cmg/1 was preloaded using link preload but not used within a few seconds from the window's load event. Please make sure it has an appropriate `as` value and it is preloaded intentionally. @ https://challenges.cloudflare.com/cdn-cgi/challenge-platform/h/g/turnstile/f/ov2/av0/rch/g9ahq/0x4AAAAAAAIVf3Y5hIm-FfxH/auto/fbE/auto_expire/normal?lang=auto:0
[  589248ms] [ERROR] %c%d font-size:0;color:transparent NaN @ https://challenges.cloudflare.com/cdn-cgi/challenge-platform/h/g/turnstile/f/ov2/av0/rch/g9ahq/0x4AAAAAAAIVf3Y5hIm-FfxH/auto/fbE/auto_expire/normal?lang=auto:0
[  589248ms] [ERROR] %c%d font-size:0;color:transparent NaN @ https://challenges.cloudflare.com/cdn-cgi/challenge-platform/h/g/turnstile/f/ov2/av0/rch/g9ahq/0x4AAAAAAAIVf3Y5hIm-FfxH/auto/fbE/auto_expire/normal?lang=auto:0
[  589248ms] [WARNING] %c%d font-size:0;color:transparent NaN @ https://challenges.cloudflare.com/cdn-cgi/challenge-platform/h/g/turnstile/f/ov2/av0/rch/g9ahq/0x4AAAAAAAIVf3Y5hIm-FfxH/auto/fbE/auto_expire/normal?lang=auto:0
[  589248ms] [WARNING] %c%d font-size:0;color:transparent NaN @ https://challenges.cloudflare.com/cdn-cgi/challenge-platform/h/g/turnstile/f/ov2/av0/rch/g9ahq/0x4AAAAAAAIVf3Y5hIm-FfxH/auto/fbE/auto_expire/normal?lang=auto:0
[  589313ms] [ERROR]  Note that 'script-src' was not explicitly set, so 'default-src' is used as a fallback. @ https://challenges.cloudflare.com/cdn-cgi/challenge-platform/h/g/turnstile/f/ov2/av0/rch/g9ahq/0x4AAAAAAAIVf3Y5hIm-FfxH/auto/fbE/auto_expire/normal?lang=auto:0
[  589581ms] [ERROR] Failed to load resource: the server responded with a status of 401 () @ https://challenges.cloudflare.com/cdn-cgi/challenge-platform/h/g/pat/9cd8a6fa0f4bb2cd/1771031075166/dcc755fe5b37574657ce456521f1afcd424fd78d7fc6b99913bbd291b2d5659c/4Oa0nmRjKsPoh1B:0
[  593114ms] [WARNING] The resource https://challenges.cloudflare.com/cdn-cgi/challenge-platform/h/g/cmg/1 was preloaded using link preload but not used within a few seconds from the window's load event. Please make sure it has an appropriate `as` value and it is preloaded intentionally. @ https://challenges.cloudflare.com/cdn-cgi/challenge-platform/h/g/turnstile/f/ov2/av0/rch/g9ahq/0x4AAAAAAAIVf3Y5hIm-FfxH/auto/fbE/auto_expire/normal?lang=auto:0
[  669366ms] [ERROR]  Note that 'script-src' was not explicitly set, so 'default-src' is used as a fallback. @ https://challenges.cloudflare.com/cdn-cgi/challenge-platform/h/g/turnstile/f/ov2/av0/rch/v4uij/0x4AAAAAAAIVf3Y5hIm-FfxH/auto/fbE/new/normal?lang=auto:0
[  669492ms] [ERROR] %c%d font-size:0;color:transparent NaN @ https://challenges.cloudflare.com/cdn-cgi/challenge-platform/h/g/turnstile/f/ov2/av0/rch/v4uij/0x4AAAAAAAIVf3Y5hIm-FfxH/auto/fbE/new/normal?lang=auto:0
[  669492ms] [ERROR] %c%d font-size:0;color:transparent NaN @ https://challenges.cloudflare.com/cdn-cgi/challenge-platform/h/g/turnstile/f/ov2/av0/rch/v4uij/0x4AAAAAAAIVf3Y5hIm-FfxH/auto/fbE/new/normal?lang=auto:0
[  669492ms] [WARNING] %c%d font-size:0;color:transparent NaN @ https://challenges.cloudflare.com/cdn-cgi/challenge-platform/h/g/turnstile/f/ov2/av0/rch/v4uij/0x4AAAAAAAIVf3Y5hIm-FfxH/auto/fbE/new/normal?lang=auto:0
[  669492ms] [WARNING] %c%d font-size:0;color:transparent NaN @ https://challenges.cloudflare.com/cdn-cgi/challenge-platform/h/g/turnstile/f/ov2/av0/rch/v4uij/0x4AAAAAAAIVf3Y5hIm-FfxH/auto/fbE/new/normal?lang=auto:0
[  669694ms] [ERROR] Failed to load resource: the server responded with a status of 401 () @ https://challenges.cloudflare.com/cdn-cgi/challenge-platform/h/g/pat/9cd8a8ed4c5e90cd/1771031155248/b427f95c9c0cda9edf093c9cf19502aa43b667c068ccac371388de6a58cb4342/k6Uekm5BoQzdNTw:0
[  673011ms] [WARNING] The resource https://challenges.cloudflare.com/cdn-cgi/challenge-platform/h/g/cmg/1 was preloaded using link preload but not used within a few seconds from the window's load event. Please make sure it has an appropriate `as` value and it is preloaded intentionally. @ https://challenges.cloudflare.com/cdn-cgi/challenge-platform/h/g/turnstile/f/ov2/av0/rch/v4uij/0x4AAAAAAAIVf3Y5hIm-FfxH/auto/fbE/new/normal?lang=auto:0
